<?xml version="1.0" encoding="UTF-8"?>
<testng-results skipped="0" failed="0" ignored="0" total="1" passed="1">
  <reporter-output>
  </reporter-output>
  <suite name="Default suite" duration-ms="48598" started-at="2022-04-14T10:26:59Z" finished-at="2022-04-14T10:27:48Z">
    <groups>
    </groups>
    <test name="Default test" duration-ms="48598" started-at="2022-04-14T10:26:59Z" finished-at="2022-04-14T10:27:48Z">
      <class name="Native.native_app">
        <test-method status="PASS" signature="BT()[pri:0, instance:Native.native_app@7920ba90]" name="BT" is-config="true" duration-ms="17778" started-at="2022-04-14T10:26:59Z" finished-at="2022-04-14T10:27:17Z">
          <reporter-output>
          </reporter-output>
        </test-method> <!-- BT -->
        <test-method status="PASS" signature="testcase1()[pri:0, instance:Native.native_app@7920ba90]" name="testcase1" duration-ms="30779" started-at="2022-04-14T10:27:17Z" finished-at="2022-04-14T10:27:48Z">
          <reporter-output>
          </reporter-output>
        </test-method> <!-- testcase1 -->
      </class> <!-- Native.native_app -->
    </test> <!-- Default test -->
  </suite> <!-- Default suite -->
</testng-results>
